<html>
<head>
<title>TestNG:  Test</title>
<link href="../testng.css" rel="stylesheet" type="text/css" />
<link href="../my-testng.css" rel="stylesheet" type="text/css" />

<style type="text/css">
.log { display: none;} 
.stack-trace { display: none;} 
</style>
<script type="text/javascript">
<!--
function flip(e) {
  current = e.style.display;
  if (current == 'block') {
    e.style.display = 'none';
    return 0;
  }
  else {
    e.style.display = 'block';
    return 1;
  }
}

function toggleBox(szDivId, elem, msg1, msg2)
{
  var res = -1;  if (document.getElementById) {
    res = flip(document.getElementById(szDivId));
  }
  else if (document.all) {
    // this is the way old msie versions work
    res = flip(document.all[szDivId]);
  }
  if(elem) {
    if(res == 0) elem.innerHTML = msg1; else elem.innerHTML = msg2;
  }

}

function toggleAllBoxes() {
  if (document.getElementsByTagName) {
    d = document.getElementsByTagName('div');
    for (i = 0; i < d.length; i++) {
      if (d[i].className == 'log') {
        flip(d[i]);
      }
    }
  }
}

// -->
</script>

</head>
<body>
<h2 align='center'>Test</h2><table border='1' align="center">
<tr>
<td>Tests passed/Failed/Skipped:</td><td>18/1/2</td>
</tr><tr>
<td>Started on:</td><td>Sun Mar 24 15:21:02 IST 2019</td>
</tr>
<tr><td>Total time:</td><td>257 seconds (257160 ms)</td>
</tr><tr>
<td>Included groups:</td><td></td>
</tr><tr>
<td>Excluded groups:</td><td></td>
</tr>
</table><p/>
<small><i>(Hover the method name to see the test class name)</i></small><p/>
<table width='100%' border='1' class='invocation-failed'>
<tr><td colspan='4' align='center'><b>FAILED TESTS</b></td></tr>
<tr><td><b>Test method</b></td>
<td width="30%"><b>Exception</b></td>
<td width="10%"><b>Time (seconds)</b></td>
<td><b>Instance</b></td>
</tr>
<tr>
<td title='com.qa.tests.ACEPageTest.downloadedFileDateAssert()'><b>downloadedFileDateAssert</b><br>Test class: com.qa.tests.ACEPageTest</td>
<td><div><pre>java.lang.AssertionError: Downloaded file Date is not matching with expected file name expected [true] but found [false]
	at com.qa.tests.ACEPageTest.downloadedFileDateAssert(ACEPageTest.java:100)
... Removed 28 stack frames</pre></div><a href='#' onClick='toggleBox("stack-trace1824570614", this, "Click to show all stack frames", "Click to hide stack frames")'>Click to show all stack frames</a>
<div class='stack-trace' id='stack-trace1824570614'><pre>java.lang.AssertionError: Downloaded file Date is not matching with expected file name expected [true] but found [false]
	at org.testng.Assert.fail(Assert.java:96)
	at org.testng.Assert.failNotEquals(Assert.java:776)
	at org.testng.Assert.assertTrue(Assert.java:44)
	at com.qa.tests.ACEPageTest.downloadedFileDateAssert(ACEPageTest.java:100)
	at sun.reflect.NativeMethodAccessorImpl.invoke0(Native Method)
	at sun.reflect.NativeMethodAccessorImpl.invoke(NativeMethodAccessorImpl.java:62)
	at sun.reflect.DelegatingMethodAccessorImpl.invoke(DelegatingMethodAccessorImpl.java:43)
	at java.lang.reflect.Method.invoke(Method.java:497)
	at org.testng.internal.MethodInvocationHelper.invokeMethod(MethodInvocationHelper.java:124)
	at org.testng.internal.Invoker.invokeMethod(Invoker.java:583)
	at org.testng.internal.Invoker.retryFailed(Invoker.java:839)
	at org.testng.internal.Invoker.invokeTestMethods(Invoker.java:1010)
	at org.testng.internal.TestMethodWorker.invokeTestMethods(TestMethodWorker.java:125)
	at org.testng.internal.TestMethodWorker.run(TestMethodWorker.java:109)
	at org.testng.TestRunner.privateRun(TestRunner.java:648)
	at org.testng.TestRunner.run(TestRunner.java:505)
	at org.testng.SuiteRunner.runTest(SuiteRunner.java:455)
	at org.testng.SuiteRunner.runSequentially(SuiteRunner.java:450)
	at org.testng.SuiteRunner.privateRun(SuiteRunner.java:415)
	at org.testng.SuiteRunner.run(SuiteRunner.java:364)
	at org.testng.SuiteRunnerWorker.runSuite(SuiteRunnerWorker.java:52)
	at org.testng.SuiteRunnerWorker.run(SuiteRunnerWorker.java:84)
	at org.testng.TestNG.runSuitesSequentially(TestNG.java:1208)
	at org.testng.TestNG.runSuitesLocally(TestNG.java:1137)
	at org.testng.TestNG.runSuites(TestNG.java:1049)
	at org.testng.TestNG.run(TestNG.java:1017)
	at org.testng.remote.AbstractRemoteTestNG.run(AbstractRemoteTestNG.java:115)
	at org.testng.remote.RemoteTestNG.initAndRun(RemoteTestNG.java:251)
	at org.testng.remote.RemoteTestNG.main(RemoteTestNG.java:77)
</pre></div></td>
<td>0</td>
<td>com.qa.tests.ACEPageTest@dd3b207</td></tr>
</table><p>
<table width='100%' border='1' class='invocation-passed'>
<tr><td colspan='4' align='center'><b>PASSED TESTS</b></td></tr>
<tr><td><b>Test method</b></td>
<td width="30%"><b>Exception</b></td>
<td width="10%"><b>Time (seconds)</b></td>
<td><b>Instance</b></td>
</tr>
<tr>
<td title='com.qa.tests.HomePageTest.checkHomePageTitle()'><b>checkHomePageTitle</b><br>Test class: com.qa.tests.HomePageTest</td>
<td></td>
<td>0</td>
<td>com.qa.tests.HomePageTest@78a2da20</td></tr>
<tr>
<td title='com.qa.tests.LoginPageTest.checkTitle()'><b>checkTitle</b><br>Test class: com.qa.tests.LoginPageTest</td>
<td></td>
<td>0</td>
<td>com.qa.tests.LoginPageTest@23a5fd2</td></tr>
<tr>
<td title='com.qa.tests.LoginPageTest.checkboxfinal()'><b>checkboxfinal</b><br>Test class: com.qa.tests.LoginPageTest</td>
<td></td>
<td>0</td>
<td>com.qa.tests.LoginPageTest@23a5fd2</td></tr>
<tr>
<td title='com.qa.tests.LoginPageTest.checkboxinital()'><b>checkboxinital</b><br>Test class: com.qa.tests.LoginPageTest</td>
<td></td>
<td>0</td>
<td>com.qa.tests.LoginPageTest@23a5fd2</td></tr>
<tr>
<td title='com.qa.tests.ACEPageTest.clickOnChart()'><b>clickOnChart</b><br>Test class: com.qa.tests.ACEPageTest</td>
<td></td>
<td>12</td>
<td>com.qa.tests.ACEPageTest@dd3b207</td></tr>
<tr>
<td title='com.qa.tests.ACEPageTest.downloadPngTest()'><b>downloadPngTest</b><br>Test class: com.qa.tests.ACEPageTest</td>
<td></td>
<td>4</td>
<td>com.qa.tests.ACEPageTest@dd3b207</td></tr>
<tr>
<td title='com.qa.tests.ACEPageTest.downloadedFileNameAssert()'><b>downloadedFileNameAssert</b><br>Test class: com.qa.tests.ACEPageTest</td>
<td></td>
<td>0</td>
<td>com.qa.tests.ACEPageTest@dd3b207</td></tr>
<tr>
<td title='com.qa.tests.ACEPageTest.imageComparison()'><b>imageComparison</b><br>Test class: com.qa.tests.ACEPageTest</td>
<td></td>
<td>13</td>
<td>com.qa.tests.ACEPageTest@dd3b207</td></tr>
<tr>
<td title='com.qa.tests.LoginPageTest.loginButtonColor()'><b>loginButtonColor</b><br>Test class: com.qa.tests.LoginPageTest</td>
<td></td>
<td>0</td>
<td>com.qa.tests.LoginPageTest@23a5fd2</td></tr>
<tr>
<td title='com.qa.tests.LoginPageTest.loginButtonHeight()'><b>loginButtonHeight</b><br>Test class: com.qa.tests.LoginPageTest</td>
<td></td>
<td>0</td>
<td>com.qa.tests.LoginPageTest@23a5fd2</td></tr>
<tr>
<td title='com.qa.tests.LoginPageTest.loginButtonalign()'><b>loginButtonalign</b><br>Test class: com.qa.tests.LoginPageTest</td>
<td></td>
<td>0</td>
<td>com.qa.tests.LoginPageTest@23a5fd2</td></tr>
<tr>
<td title='com.qa.tests.LoginPageTest.loginErrorMsgTest()'><b>loginErrorMsgTest</b><br>Test class: com.qa.tests.LoginPageTest<br>Parameters: WrongUserName, Wrong Pass</td>
<td></td>
<td>4</td>
<td>com.qa.tests.LoginPageTest@23a5fd2</td></tr>
<tr>
<td title='com.qa.tests.LoginPageTest.passwordtext()'><b>passwordtext</b><br>Test class: com.qa.tests.LoginPageTest</td>
<td></td>
<td>1</td>
<td>com.qa.tests.LoginPageTest@23a5fd2</td></tr>
<tr>
<td title='com.qa.tests.LoginPageTest.passwordtype()'><b>passwordtype</b><br>Test class: com.qa.tests.LoginPageTest</td>
<td></td>
<td>0</td>
<td>com.qa.tests.LoginPageTest@23a5fd2</td></tr>
<tr>
<td title='com.qa.tests.LoginPageTest.usernameParameters()'><b>usernameParameters</b><br>Test class: com.qa.tests.LoginPageTest</td>
<td></td>
<td>0</td>
<td>com.qa.tests.LoginPageTest@23a5fd2</td></tr>
<tr>
<td title='com.qa.tests.LoginPageTest.usernametext()'><b>usernametext</b><br>Test class: com.qa.tests.LoginPageTest</td>
<td></td>
<td>0</td>
<td>com.qa.tests.LoginPageTest@23a5fd2</td></tr>
<tr>
<td title='com.qa.tests.LoginPageTest.usernametype()'><b>usernametype</b><br>Test class: com.qa.tests.LoginPageTest</td>
<td></td>
<td>5</td>
<td>com.qa.tests.LoginPageTest@23a5fd2</td></tr>
<tr>
<td title='com.qa.tests.LoginPageTest.welcomeMsg()'><b>welcomeMsg</b><br>Test class: com.qa.tests.LoginPageTest</td>
<td></td>
<td>0</td>
<td>com.qa.tests.LoginPageTest@23a5fd2</td></tr>
</table><p>
<table width='100%' border='1' class='invocation-skipped'>
<tr><td colspan='4' align='center'><b>SKIPPED TESTS</b></td></tr>
<tr><td><b>Test method</b></td>
<td width="30%"><b>Exception</b></td>
<td width="10%"><b>Time (seconds)</b></td>
<td><b>Instance</b></td>
</tr>
<tr>
<td title='com.qa.tests.ACEPageTest.downloadedFileDateAssert()'><b>downloadedFileDateAssert</b><br>Test class: com.qa.tests.ACEPageTest</td>
<td><div><pre>java.lang.AssertionError: Downloaded file Date is not matching with expected file name expected [true] but found [false]
	at com.qa.tests.ACEPageTest.downloadedFileDateAssert(ACEPageTest.java:100)
... Removed 28 stack frames</pre></div><a href='#' onClick='toggleBox("stack-trace443502884", this, "Click to show all stack frames", "Click to hide stack frames")'>Click to show all stack frames</a>
<div class='stack-trace' id='stack-trace443502884'><pre>java.lang.AssertionError: Downloaded file Date is not matching with expected file name expected [true] but found [false]
	at org.testng.Assert.fail(Assert.java:96)
	at org.testng.Assert.failNotEquals(Assert.java:776)
	at org.testng.Assert.assertTrue(Assert.java:44)
	at com.qa.tests.ACEPageTest.downloadedFileDateAssert(ACEPageTest.java:100)
	at sun.reflect.NativeMethodAccessorImpl.invoke0(Native Method)
	at sun.reflect.NativeMethodAccessorImpl.invoke(NativeMethodAccessorImpl.java:62)
	at sun.reflect.DelegatingMethodAccessorImpl.invoke(DelegatingMethodAccessorImpl.java:43)
	at java.lang.reflect.Method.invoke(Method.java:497)
	at org.testng.internal.MethodInvocationHelper.invokeMethod(MethodInvocationHelper.java:124)
	at org.testng.internal.Invoker.invokeMethod(Invoker.java:583)
	at org.testng.internal.Invoker.invokeTestMethod(Invoker.java:719)
	at org.testng.internal.Invoker.invokeTestMethods(Invoker.java:989)
	at org.testng.internal.TestMethodWorker.invokeTestMethods(TestMethodWorker.java:125)
	at org.testng.internal.TestMethodWorker.run(TestMethodWorker.java:109)
	at org.testng.TestRunner.privateRun(TestRunner.java:648)
	at org.testng.TestRunner.run(TestRunner.java:505)
	at org.testng.SuiteRunner.runTest(SuiteRunner.java:455)
	at org.testng.SuiteRunner.runSequentially(SuiteRunner.java:450)
	at org.testng.SuiteRunner.privateRun(SuiteRunner.java:415)
	at org.testng.SuiteRunner.run(SuiteRunner.java:364)
	at org.testng.SuiteRunnerWorker.runSuite(SuiteRunnerWorker.java:52)
	at org.testng.SuiteRunnerWorker.run(SuiteRunnerWorker.java:84)
	at org.testng.TestNG.runSuitesSequentially(TestNG.java:1208)
	at org.testng.TestNG.runSuitesLocally(TestNG.java:1137)
	at org.testng.TestNG.runSuites(TestNG.java:1049)
	at org.testng.TestNG.run(TestNG.java:1017)
	at org.testng.remote.AbstractRemoteTestNG.run(AbstractRemoteTestNG.java:115)
	at org.testng.remote.RemoteTestNG.initAndRun(RemoteTestNG.java:251)
	at org.testng.remote.RemoteTestNG.main(RemoteTestNG.java:77)
</pre></div></td>
<td>0</td>
<td>com.qa.tests.ACEPageTest@dd3b207</td></tr>
<tr>
<td title='com.qa.tests.ACEPageTest.downloadedFileDateAssert()'><b>downloadedFileDateAssert</b><br>Test class: com.qa.tests.ACEPageTest</td>
<td><div><pre>java.lang.AssertionError: Downloaded file Date is not matching with expected file name expected [true] but found [false]
	at com.qa.tests.ACEPageTest.downloadedFileDateAssert(ACEPageTest.java:100)
... Removed 28 stack frames</pre></div><a href='#' onClick='toggleBox("stack-trace247644034", this, "Click to show all stack frames", "Click to hide stack frames")'>Click to show all stack frames</a>
<div class='stack-trace' id='stack-trace247644034'><pre>java.lang.AssertionError: Downloaded file Date is not matching with expected file name expected [true] but found [false]
	at org.testng.Assert.fail(Assert.java:96)
	at org.testng.Assert.failNotEquals(Assert.java:776)
	at org.testng.Assert.assertTrue(Assert.java:44)
	at com.qa.tests.ACEPageTest.downloadedFileDateAssert(ACEPageTest.java:100)
	at sun.reflect.NativeMethodAccessorImpl.invoke0(Native Method)
	at sun.reflect.NativeMethodAccessorImpl.invoke(NativeMethodAccessorImpl.java:62)
	at sun.reflect.DelegatingMethodAccessorImpl.invoke(DelegatingMethodAccessorImpl.java:43)
	at java.lang.reflect.Method.invoke(Method.java:497)
	at org.testng.internal.MethodInvocationHelper.invokeMethod(MethodInvocationHelper.java:124)
	at org.testng.internal.Invoker.invokeMethod(Invoker.java:583)
	at org.testng.internal.Invoker.retryFailed(Invoker.java:839)
	at org.testng.internal.Invoker.invokeTestMethods(Invoker.java:1010)
	at org.testng.internal.TestMethodWorker.invokeTestMethods(TestMethodWorker.java:125)
	at org.testng.internal.TestMethodWorker.run(TestMethodWorker.java:109)
	at org.testng.TestRunner.privateRun(TestRunner.java:648)
	at org.testng.TestRunner.run(TestRunner.java:505)
	at org.testng.SuiteRunner.runTest(SuiteRunner.java:455)
	at org.testng.SuiteRunner.runSequentially(SuiteRunner.java:450)
	at org.testng.SuiteRunner.privateRun(SuiteRunner.java:415)
	at org.testng.SuiteRunner.run(SuiteRunner.java:364)
	at org.testng.SuiteRunnerWorker.runSuite(SuiteRunnerWorker.java:52)
	at org.testng.SuiteRunnerWorker.run(SuiteRunnerWorker.java:84)
	at org.testng.TestNG.runSuitesSequentially(TestNG.java:1208)
	at org.testng.TestNG.runSuitesLocally(TestNG.java:1137)
	at org.testng.TestNG.runSuites(TestNG.java:1049)
	at org.testng.TestNG.run(TestNG.java:1017)
	at org.testng.remote.AbstractRemoteTestNG.run(AbstractRemoteTestNG.java:115)
	at org.testng.remote.RemoteTestNG.initAndRun(RemoteTestNG.java:251)
	at org.testng.remote.RemoteTestNG.main(RemoteTestNG.java:77)
</pre></div></td>
<td>0</td>
<td>com.qa.tests.ACEPageTest@dd3b207</td></tr>
</table><p>
</body>
</html>