<?xml version="1.0" encoding="UTF-8"?>
<!-- Generated by org.testng.reporters.JUnitXMLReporter -->
<testsuite hostname="HP" ignored="0" name="Test" tests="21" failures="1" timestamp="24 Mar 2019 09:55:19 GMT" time="257.16" errors="0">
  <testcase name="usernametype" time="5.872" classname="com.qa.tests.LoginPageTest"/>
  <testcase name="usernametext" time="0.11" classname="com.qa.tests.LoginPageTest"/>
  <testcase name="passwordtext" time="1.358" classname="com.qa.tests.LoginPageTest"/>
  <testcase name="passwordtype" time="0.114" classname="com.qa.tests.LoginPageTest"/>
  <testcase name="welcomeMsg" time="0.38" classname="com.qa.tests.LoginPageTest"/>
  <testcase name="checkTitle" time="0.035" classname="com.qa.tests.LoginPageTest"/>
  <testcase name="loginButtonHeight" time="0.226" classname="com.qa.tests.LoginPageTest"/>
  <testcase name="loginButtonColor" time="0.103" classname="com.qa.tests.LoginPageTest"/>
  <testcase name="loginButtonalign" time="0.111" classname="com.qa.tests.LoginPageTest"/>
  <testcase name="checkboxinital" time="0.232" classname="com.qa.tests.LoginPageTest"/>
  <testcase name="checkboxfinal" time="0.639" classname="com.qa.tests.LoginPageTest"/>
  <testcase name="usernameParameters" time="0.282" classname="com.qa.tests.LoginPageTest"/>
  <testcase name="loginErrorMsgTest" time="4.324" classname="com.qa.tests.LoginPageTest"/>
  <testcase name="checkHomePageTitle" time="0.336" classname="com.qa.tests.HomePageTest"/>
  <testcase name="clickOnChart" time="12.608" classname="com.qa.tests.ACEPageTest"/>
  <testcase name="downloadPngTest" time="4.068" classname="com.qa.tests.ACEPageTest"/>
  <testcase name="downloadedFileNameAssert" time="0.238" classname="com.qa.tests.ACEPageTest"/>
  <testcase name="downloadedFileDateAssert" time="0.006" classname="com.qa.tests.ACEPageTest">
    <skipped/>
  </testcase> <!-- downloadedFileDateAssert -->
  <testcase name="downloadedFileDateAssert" time="0.005" classname="com.qa.tests.ACEPageTest">
    <skipped/>
  </testcase> <!-- downloadedFileDateAssert -->
  <testcase name="downloadedFileDateAssert" time="0.003" classname="com.qa.tests.ACEPageTest">
    <failure type="java.lang.AssertionError" message="Downloaded file Date is not matching with expected file name expected [true] but found [false]">
      <![CDATA[java.lang.AssertionError: Downloaded file Date is not matching with expected file name expected [true] but found [false]
at com.qa.tests.ACEPageTest.downloadedFileDateAssert(ACEPageTest.java:100)
... Removed 28 stack frames]]>
    </failure>
  </testcase> <!-- downloadedFileDateAssert -->
  <testcase name="imageComparison" time="13.963" classname="com.qa.tests.ACEPageTest"/>
</testsuite> <!-- Test -->
