<?xml version="1.0" encoding="UTF-8"?>
<testng-results skipped="2" failed="1" ignored="0" total="21" passed="18">
  <reporter-output>
  </reporter-output>
  <suite name="Suite" duration-ms="257160" started-at="2019-03-24T09:51:02Z" finished-at="2019-03-24T09:55:19Z">
    <groups>
      <group name="Others">
        <method signature="LoginPageTest.checkTitle()[pri:6, instance:com.qa.tests.LoginPageTest@23a5fd2]" name="checkTitle" class="com.qa.tests.LoginPageTest"/>
        <method signature="LoginPageTest.checkboxfinal()[pri:11, instance:com.qa.tests.LoginPageTest@23a5fd2]" name="checkboxfinal" class="com.qa.tests.LoginPageTest"/>
        <method signature="LoginPageTest.checkboxinital()[pri:10, instance:com.qa.tests.LoginPageTest@23a5fd2]" name="checkboxinital" class="com.qa.tests.LoginPageTest"/>
        <method signature="LoginPageTest.welcomeMsg()[pri:5, instance:com.qa.tests.LoginPageTest@23a5fd2]" name="welcomeMsg" class="com.qa.tests.LoginPageTest"/>
      </group> <!-- Others -->
      <group name="Button">
        <method signature="LoginPageTest.loginButtonColor()[pri:8, instance:com.qa.tests.LoginPageTest@23a5fd2]" name="loginButtonColor" class="com.qa.tests.LoginPageTest"/>
        <method signature="LoginPageTest.loginButtonHeight()[pri:7, instance:com.qa.tests.LoginPageTest@23a5fd2]" name="loginButtonHeight" class="com.qa.tests.LoginPageTest"/>
        <method signature="LoginPageTest.loginButtonalign()[pri:9, instance:com.qa.tests.LoginPageTest@23a5fd2]" name="loginButtonalign" class="com.qa.tests.LoginPageTest"/>
      </group> <!-- Button -->
      <group name="Username Field">
        <method signature="LoginPageTest.usernameParameters()[pri:12, instance:com.qa.tests.LoginPageTest@23a5fd2]" name="usernameParameters" class="com.qa.tests.LoginPageTest"/>
      </group> <!-- Username Field -->
      <group name="Password field">
        <method signature="LoginPageTest.passwordtext()[pri:3, instance:com.qa.tests.LoginPageTest@23a5fd2]" name="passwordtext" class="com.qa.tests.LoginPageTest"/>
        <method signature="LoginPageTest.passwordtype()[pri:4, instance:com.qa.tests.LoginPageTest@23a5fd2]" name="passwordtype" class="com.qa.tests.LoginPageTest"/>
      </group> <!-- Password field -->
      <group name="Username field">
        <method signature="LoginPageTest.usernametext()[pri:2, instance:com.qa.tests.LoginPageTest@23a5fd2]" name="usernametext" class="com.qa.tests.LoginPageTest"/>
        <method signature="LoginPageTest.usernametype()[pri:1, instance:com.qa.tests.LoginPageTest@23a5fd2]" name="usernametype" class="com.qa.tests.LoginPageTest"/>
      </group> <!-- Username field -->
    </groups>
    <test name="Test" duration-ms="257160" started-at="2019-03-24T09:51:02Z" finished-at="2019-03-24T09:55:19Z">
      <class name="com.qa.tests.HomePageTest">
        <test-method status="PASS" signature="init()[pri:0, instance:com.qa.tests.HomePageTest@78a2da20]" name="init" is-config="true" duration-ms="103893" started-at="2019-03-24T09:52:13Z" finished-at="2019-03-24T09:53:57Z">
          <reporter-output>
          </reporter-output>
        </test-method> <!-- init -->
        <test-method status="PASS" signature="checkHomePageTitle()[pri:14, instance:com.qa.tests.HomePageTest@78a2da20]" name="checkHomePageTitle" duration-ms="336" started-at="2019-03-24T09:53:57Z" finished-at="2019-03-24T09:53:58Z">
          <reporter-output>
          </reporter-output>
        </test-method> <!-- checkHomePageTitle -->
        <test-method status="PASS" signature="tearDown()[pri:0, instance:com.qa.tests.HomePageTest@78a2da20]" name="tearDown" is-config="true" duration-ms="1471" started-at="2019-03-24T09:53:58Z" finished-at="2019-03-24T09:54:00Z">
          <reporter-output>
          </reporter-output>
        </test-method> <!-- tearDown -->
      </class> <!-- com.qa.tests.HomePageTest -->
      <class name="com.qa.tests.ACEPageTest">
        <test-method status="PASS" signature="init()[pri:0, instance:com.qa.tests.ACEPageTest@dd3b207]" name="init" is-config="true" duration-ms="42086" started-at="2019-03-24T09:54:00Z" finished-at="2019-03-24T09:54:42Z">
          <reporter-output>
          </reporter-output>
        </test-method> <!-- init -->
        <test-method status="PASS" signature="clickOnChart()[pri:15, instance:com.qa.tests.ACEPageTest@dd3b207]" name="clickOnChart" duration-ms="12608" started-at="2019-03-24T09:54:42Z" finished-at="2019-03-24T09:54:54Z">
          <reporter-output>
          </reporter-output>
        </test-method> <!-- clickOnChart -->
        <test-method status="PASS" signature="downloadPngTest()[pri:16, instance:com.qa.tests.ACEPageTest@dd3b207]" name="downloadPngTest" duration-ms="4068" started-at="2019-03-24T09:54:55Z" finished-at="2019-03-24T09:54:59Z">
          <reporter-output>
          </reporter-output>
        </test-method> <!-- downloadPngTest -->
        <test-method status="PASS" signature="downloadedFileNameAssert()[pri:17, instance:com.qa.tests.ACEPageTest@dd3b207]" name="downloadedFileNameAssert" duration-ms="238" started-at="2019-03-24T09:55:00Z" finished-at="2019-03-24T09:55:00Z">
          <reporter-output>
          </reporter-output>
        </test-method> <!-- downloadedFileNameAssert -->
        <test-method status="SKIP" signature="downloadedFileDateAssert()[pri:19, instance:com.qa.tests.ACEPageTest@dd3b207]" name="downloadedFileDateAssert" duration-ms="6" started-at="2019-03-24T09:55:01Z" finished-at="2019-03-24T09:55:01Z">
          <exception class="java.lang.AssertionError">
            <message>
              <![CDATA[Downloaded file Date is not matching with expected file name expected [true] but found [false]]]>
            </message>
            <full-stacktrace>
              <![CDATA[java.lang.AssertionError: Downloaded file Date is not matching with expected file name expected [true] but found [false]
at org.testng.Assert.fail(Assert.java:96)
at org.testng.Assert.failNotEquals(Assert.java:776)
at org.testng.Assert.assertTrue(Assert.java:44)
at com.qa.tests.ACEPageTest.downloadedFileDateAssert(ACEPageTest.java:100)
at sun.reflect.NativeMethodAccessorImpl.invoke0(Native Method)
at sun.reflect.NativeMethodAccessorImpl.invoke(NativeMethodAccessorImpl.java:62)
at sun.reflect.DelegatingMethodAccessorImpl.invoke(DelegatingMethodAccessorImpl.java:43)
at java.lang.reflect.Method.invoke(Method.java:497)
at org.testng.internal.MethodInvocationHelper.invokeMethod(MethodInvocationHelper.java:124)
at org.testng.internal.Invoker.invokeMethod(Invoker.java:583)
at org.testng.internal.Invoker.invokeTestMethod(Invoker.java:719)
at org.testng.internal.Invoker.invokeTestMethods(Invoker.java:989)
at org.testng.internal.TestMethodWorker.invokeTestMethods(TestMethodWorker.java:125)
at org.testng.internal.TestMethodWorker.run(TestMethodWorker.java:109)
at org.testng.TestRunner.privateRun(TestRunner.java:648)
at org.testng.TestRunner.run(TestRunner.java:505)
at org.testng.SuiteRunner.runTest(SuiteRunner.java:455)
at org.testng.SuiteRunner.runSequentially(SuiteRunner.java:450)
at org.testng.SuiteRunner.privateRun(SuiteRunner.java:415)
at org.testng.SuiteRunner.run(SuiteRunner.java:364)
at org.testng.SuiteRunnerWorker.runSuite(SuiteRunnerWorker.java:52)
at org.testng.SuiteRunnerWorker.run(SuiteRunnerWorker.java:84)
at org.testng.TestNG.runSuitesSequentially(TestNG.java:1208)
at org.testng.TestNG.runSuitesLocally(TestNG.java:1137)
at org.testng.TestNG.runSuites(TestNG.java:1049)
at org.testng.TestNG.run(TestNG.java:1017)
at org.testng.remote.AbstractRemoteTestNG.run(AbstractRemoteTestNG.java:115)
at org.testng.remote.RemoteTestNG.initAndRun(RemoteTestNG.java:251)
at org.testng.remote.RemoteTestNG.main(RemoteTestNG.java:77)
]]>
            </full-stacktrace>
          </exception> <!-- java.lang.AssertionError -->
          <reporter-output>
          </reporter-output>
        </test-method> <!-- downloadedFileDateAssert -->
        <test-method status="SKIP" signature="downloadedFileDateAssert()[pri:19, instance:com.qa.tests.ACEPageTest@dd3b207]" name="downloadedFileDateAssert" duration-ms="5" started-at="2019-03-24T09:55:01Z" finished-at="2019-03-24T09:55:01Z">
          <exception class="java.lang.AssertionError">
            <message>
              <![CDATA[Downloaded file Date is not matching with expected file name expected [true] but found [false]]]>
            </message>
            <full-stacktrace>
              <![CDATA[java.lang.AssertionError: Downloaded file Date is not matching with expected file name expected [true] but found [false]
at org.testng.Assert.fail(Assert.java:96)
at org.testng.Assert.failNotEquals(Assert.java:776)
at org.testng.Assert.assertTrue(Assert.java:44)
at com.qa.tests.ACEPageTest.downloadedFileDateAssert(ACEPageTest.java:100)
at sun.reflect.NativeMethodAccessorImpl.invoke0(Native Method)
at sun.reflect.NativeMethodAccessorImpl.invoke(NativeMethodAccessorImpl.java:62)
at sun.reflect.DelegatingMethodAccessorImpl.invoke(DelegatingMethodAccessorImpl.java:43)
at java.lang.reflect.Method.invoke(Method.java:497)
at org.testng.internal.MethodInvocationHelper.invokeMethod(MethodInvocationHelper.java:124)
at org.testng.internal.Invoker.invokeMethod(Invoker.java:583)
at org.testng.internal.Invoker.retryFailed(Invoker.java:839)
at org.testng.internal.Invoker.invokeTestMethods(Invoker.java:1010)
at org.testng.internal.TestMethodWorker.invokeTestMethods(TestMethodWorker.java:125)
at org.testng.internal.TestMethodWorker.run(TestMethodWorker.java:109)
at org.testng.TestRunner.privateRun(TestRunner.java:648)
at org.testng.TestRunner.run(TestRunner.java:505)
at org.testng.SuiteRunner.runTest(SuiteRunner.java:455)
at org.testng.SuiteRunner.runSequentially(SuiteRunner.java:450)
at org.testng.SuiteRunner.privateRun(SuiteRunner.java:415)
at org.testng.SuiteRunner.run(SuiteRunner.java:364)
at org.testng.SuiteRunnerWorker.runSuite(SuiteRunnerWorker.java:52)
at org.testng.SuiteRunnerWorker.run(SuiteRunnerWorker.java:84)
at org.testng.TestNG.runSuitesSequentially(TestNG.java:1208)
at org.testng.TestNG.runSuitesLocally(TestNG.java:1137)
at org.testng.TestNG.runSuites(TestNG.java:1049)
at org.testng.TestNG.run(TestNG.java:1017)
at org.testng.remote.AbstractRemoteTestNG.run(AbstractRemoteTestNG.java:115)
at org.testng.remote.RemoteTestNG.initAndRun(RemoteTestNG.java:251)
at org.testng.remote.RemoteTestNG.main(RemoteTestNG.java:77)
]]>
            </full-stacktrace>
          </exception> <!-- java.lang.AssertionError -->
          <reporter-output>
          </reporter-output>
        </test-method> <!-- downloadedFileDateAssert -->
        <test-method status="FAIL" signature="downloadedFileDateAssert()[pri:19, instance:com.qa.tests.ACEPageTest@dd3b207]" name="downloadedFileDateAssert" duration-ms="3" started-at="2019-03-24T09:55:01Z" finished-at="2019-03-24T09:55:01Z">
          <exception class="java.lang.AssertionError">
            <message>
              <![CDATA[Downloaded file Date is not matching with expected file name expected [true] but found [false]]]>
            </message>
            <full-stacktrace>
              <![CDATA[java.lang.AssertionError: Downloaded file Date is not matching with expected file name expected [true] but found [false]
at org.testng.Assert.fail(Assert.java:96)
at org.testng.Assert.failNotEquals(Assert.java:776)
at org.testng.Assert.assertTrue(Assert.java:44)
at com.qa.tests.ACEPageTest.downloadedFileDateAssert(ACEPageTest.java:100)
at sun.reflect.NativeMethodAccessorImpl.invoke0(Native Method)
at sun.reflect.NativeMethodAccessorImpl.invoke(NativeMethodAccessorImpl.java:62)
at sun.reflect.DelegatingMethodAccessorImpl.invoke(DelegatingMethodAccessorImpl.java:43)
at java.lang.reflect.Method.invoke(Method.java:497)
at org.testng.internal.MethodInvocationHelper.invokeMethod(MethodInvocationHelper.java:124)
at org.testng.internal.Invoker.invokeMethod(Invoker.java:583)
at org.testng.internal.Invoker.retryFailed(Invoker.java:839)
at org.testng.internal.Invoker.invokeTestMethods(Invoker.java:1010)
at org.testng.internal.TestMethodWorker.invokeTestMethods(TestMethodWorker.java:125)
at org.testng.internal.TestMethodWorker.run(TestMethodWorker.java:109)
at org.testng.TestRunner.privateRun(TestRunner.java:648)
at org.testng.TestRunner.run(TestRunner.java:505)
at org.testng.SuiteRunner.runTest(SuiteRunner.java:455)
at org.testng.SuiteRunner.runSequentially(SuiteRunner.java:450)
at org.testng.SuiteRunner.privateRun(SuiteRunner.java:415)
at org.testng.SuiteRunner.run(SuiteRunner.java:364)
at org.testng.SuiteRunnerWorker.runSuite(SuiteRunnerWorker.java:52)
at org.testng.SuiteRunnerWorker.run(SuiteRunnerWorker.java:84)
at org.testng.TestNG.runSuitesSequentially(TestNG.java:1208)
at org.testng.TestNG.runSuitesLocally(TestNG.java:1137)
at org.testng.TestNG.runSuites(TestNG.java:1049)
at org.testng.TestNG.run(TestNG.java:1017)
at org.testng.remote.AbstractRemoteTestNG.run(AbstractRemoteTestNG.java:115)
at org.testng.remote.RemoteTestNG.initAndRun(RemoteTestNG.java:251)
at org.testng.remote.RemoteTestNG.main(RemoteTestNG.java:77)
]]>
            </full-stacktrace>
          </exception> <!-- java.lang.AssertionError -->
          <reporter-output>
          </reporter-output>
        </test-method> <!-- downloadedFileDateAssert -->
        <test-method status="PASS" signature="imageComparison()[pri:20, instance:com.qa.tests.ACEPageTest@dd3b207]" name="imageComparison" duration-ms="13963" started-at="2019-03-24T09:55:02Z" finished-at="2019-03-24T09:55:16Z">
          <reporter-output>
          </reporter-output>
        </test-method> <!-- imageComparison -->
        <test-method status="PASS" signature="tearDown()[pri:0, instance:com.qa.tests.ACEPageTest@dd3b207]" name="tearDown" is-config="true" duration-ms="2189" started-at="2019-03-24T09:55:16Z" finished-at="2019-03-24T09:55:19Z">
          <reporter-output>
          </reporter-output>
        </test-method> <!-- tearDown -->
      </class> <!-- com.qa.tests.ACEPageTest -->
      <class name="com.qa.tests.LoginPageTest">
        <test-method status="PASS" signature="init()[pri:0, instance:com.qa.tests.LoginPageTest@23a5fd2]" name="init" is-config="true" duration-ms="44233" started-at="2019-03-24T09:51:02Z" finished-at="2019-03-24T09:51:46Z">
          <reporter-output>
          </reporter-output>
        </test-method> <!-- init -->
        <test-method status="PASS" signature="usernametype()[pri:1, instance:com.qa.tests.LoginPageTest@23a5fd2]" name="usernametype" duration-ms="5872" started-at="2019-03-24T09:51:46Z" finished-at="2019-03-24T09:51:52Z">
          <reporter-output>
          </reporter-output>
        </test-method> <!-- usernametype -->
        <test-method status="PASS" signature="usernametext()[pri:2, instance:com.qa.tests.LoginPageTest@23a5fd2]" name="usernametext" duration-ms="110" started-at="2019-03-24T09:51:53Z" finished-at="2019-03-24T09:51:53Z">
          <reporter-output>
          </reporter-output>
        </test-method> <!-- usernametext -->
        <test-method status="PASS" signature="passwordtext()[pri:3, instance:com.qa.tests.LoginPageTest@23a5fd2]" name="passwordtext" duration-ms="1358" started-at="2019-03-24T09:51:54Z" finished-at="2019-03-24T09:51:55Z">
          <reporter-output>
          </reporter-output>
        </test-method> <!-- passwordtext -->
        <test-method status="PASS" signature="passwordtype()[pri:4, instance:com.qa.tests.LoginPageTest@23a5fd2]" name="passwordtype" duration-ms="114" started-at="2019-03-24T09:51:57Z" finished-at="2019-03-24T09:51:57Z">
          <reporter-output>
          </reporter-output>
        </test-method> <!-- passwordtype -->
        <test-method status="PASS" signature="welcomeMsg()[pri:5, instance:com.qa.tests.LoginPageTest@23a5fd2]" name="welcomeMsg" duration-ms="380" started-at="2019-03-24T09:51:58Z" finished-at="2019-03-24T09:51:58Z">
          <reporter-output>
          </reporter-output>
        </test-method> <!-- welcomeMsg -->
        <test-method status="PASS" signature="checkTitle()[pri:6, instance:com.qa.tests.LoginPageTest@23a5fd2]" name="checkTitle" duration-ms="35" started-at="2019-03-24T09:51:59Z" finished-at="2019-03-24T09:51:59Z">
          <reporter-output>
          </reporter-output>
        </test-method> <!-- checkTitle -->
        <test-method status="PASS" signature="loginButtonHeight()[pri:7, instance:com.qa.tests.LoginPageTest@23a5fd2]" name="loginButtonHeight" duration-ms="226" started-at="2019-03-24T09:52:00Z" finished-at="2019-03-24T09:52:00Z">
          <reporter-output>
          </reporter-output>
        </test-method> <!-- loginButtonHeight -->
        <test-method status="PASS" signature="loginButtonColor()[pri:8, instance:com.qa.tests.LoginPageTest@23a5fd2]" name="loginButtonColor" duration-ms="103" started-at="2019-03-24T09:52:01Z" finished-at="2019-03-24T09:52:01Z">
          <reporter-output>
          </reporter-output>
        </test-method> <!-- loginButtonColor -->
        <test-method status="PASS" signature="loginButtonalign()[pri:9, instance:com.qa.tests.LoginPageTest@23a5fd2]" name="loginButtonalign" duration-ms="111" started-at="2019-03-24T09:52:01Z" finished-at="2019-03-24T09:52:01Z">
          <reporter-output>
          </reporter-output>
        </test-method> <!-- loginButtonalign -->
        <test-method status="PASS" signature="checkboxinital()[pri:10, instance:com.qa.tests.LoginPageTest@23a5fd2]" name="checkboxinital" duration-ms="232" started-at="2019-03-24T09:52:02Z" finished-at="2019-03-24T09:52:02Z">
          <reporter-output>
          </reporter-output>
        </test-method> <!-- checkboxinital -->
        <test-method status="PASS" signature="checkboxfinal()[pri:11, instance:com.qa.tests.LoginPageTest@23a5fd2]" name="checkboxfinal" duration-ms="639" started-at="2019-03-24T09:52:03Z" finished-at="2019-03-24T09:52:04Z">
          <reporter-output>
          </reporter-output>
        </test-method> <!-- checkboxfinal -->
        <test-method status="PASS" signature="usernameParameters()[pri:12, instance:com.qa.tests.LoginPageTest@23a5fd2]" name="usernameParameters" duration-ms="282" started-at="2019-03-24T09:52:04Z" finished-at="2019-03-24T09:52:04Z">
          <reporter-output>
          </reporter-output>
        </test-method> <!-- usernameParameters -->
        <test-method status="PASS" signature="loginErrorMsgTest(java.lang.String, java.lang.String)[pri:13, instance:com.qa.tests.LoginPageTest@23a5fd2]" name="loginErrorMsgTest" duration-ms="4324" started-at="2019-03-24T09:52:05Z" data-provider="excelData" finished-at="2019-03-24T09:52:10Z">
          <params>
            <param index="0">
              <value>
                <![CDATA[WrongUserName]]>
              </value>
            </param>
            <param index="1">
              <value>
                <![CDATA[Wrong Pass]]>
              </value>
            </param>
          </params>
          <reporter-output>
          </reporter-output>
        </test-method> <!-- loginErrorMsgTest -->
        <test-method status="PASS" signature="tearDown()[pri:0, instance:com.qa.tests.LoginPageTest@23a5fd2]" name="tearDown" is-config="true" duration-ms="3367" started-at="2019-03-24T09:52:10Z" finished-at="2019-03-24T09:52:13Z">
          <reporter-output>
          </reporter-output>
        </test-method> <!-- tearDown -->
      </class> <!-- com.qa.tests.LoginPageTest -->
    </test> <!-- Test -->
  </suite> <!-- Suite -->
</testng-results>
